<?xml version="1.0" encoding="UTF-8"?>
<!-- Generated by org.testng.reporters.JUnitReportReporter -->
<testsuite hostname="Trantor-LP260" failures="0" tests="5" name="TestRunner.loginTestRunner" time="32.849" errors="0" timestamp="2024-08-08T15:43:16 IST" skipped="0">
  <testcase classname="TestRunner.loginTestRunner" name="runScenario" time="8.418"/>
  <testcase classname="TestRunner.loginTestRunner" name="runScenario" time="8.025"/>
  <testcase classname="TestRunner.loginTestRunner" name="runScenario" time="4.863"/>
  <testcase classname="TestRunner.loginTestRunner" name="runScenario" time="4.663"/>
  <testcase classname="TestRunner.loginTestRunner" name="runScenario" time="6.880"/>
</testsuite> <!-- TestRunner.loginTestRunner -->
