<?xml version="1.0" encoding="UTF-8"?>
<!-- Generated by org.testng.reporters.JUnitReportReporter -->
<testsuite hostname="Trantor-LP260" failures="0" tests="5" name="TestRunner.loginTestRunner" time="33.989" errors="0" timestamp="2024-08-08T19:15:25 IST" skipped="0">
  <testcase classname="TestRunner.loginTestRunner" name="runScenario" time="4.361"/>
  <testcase classname="TestRunner.loginTestRunner" name="runScenario" time="4.760"/>
  <testcase classname="TestRunner.loginTestRunner" name="runScenario" time="9.653"/>
  <testcase classname="TestRunner.loginTestRunner" name="runScenario" time="7.423"/>
  <testcase classname="TestRunner.loginTestRunner" name="runScenario" time="7.792"/>
</testsuite> <!-- TestRunner.loginTestRunner -->
